2025-11-16 23:54:05 | System disabled
2025-11-16 23:54:07 | System enabled
2025-11-17 00:55:53 | System disabled
2025-11-17 00:55:54 | System enabled
2025-11-17 01:27:34 | Recognized: Lucas Zulueta
2025-11-17 01:34:50 | Recognized: Lucas Zulueta
2025-11-17 01:39:32 | Recognized: Lucas Zulueta
2025-11-17 01:40:33 | Recognized: Marcelo Zamorano
2025-11-17 01:41:17 | Recognized: Marcelo Zamorano
2025-11-17 01:47:55 | Recognized: Lucas Zulueta
2025-11-17 01:51:28 | Recognized: Lucas Zulueta
2025-11-17 01:51:40 | Recognized: Lucas Zulueta
2025-11-17 01:51:51 | Recognized: Lucas Zulueta
2025-11-17 01:52:05 | Recognized: Lucas Zulueta
2025-11-17 01:52:57 | Recognized: Lucas Zulueta
2025-11-17 01:53:09 | Recognized: Lucas Zulueta
2025-11-17 01:53:27 | Recognized: Lucas Zulueta
2025-11-17 02:00:45 | Recognized: Lucas Zulueta
2025-11-17 02:01:15 | Recognized: Lucas Zulueta
2025-11-17 02:09:22 | Recognized: Lucas Zulueta
2025-11-17 02:11:51 | Recognized: Lucas Zulueta
2025-11-17 02:12:03 | Recognized: Lucas Zulueta
2025-11-17 02:12:15 | Recognized: Lucas Zulueta
2025-11-17 02:12:24 | Recognized: Lucas Zulueta
2025-11-17 02:12:40 | Recognized: Lucas Zulueta
2025-11-17 02:12:48 | Recognized: Lucas Zulueta
2025-11-17 02:13:40 | Recognized: Lucas Zulueta
2025-11-17 02:13:48 | Recognized: Marcelo Zamorano
2025-11-17 02:13:58 | Recognized: Lucas Zulueta
2025-11-17 02:14:08 | Recognized: Marcelo Zamorano
2025-11-17 02:14:17 | Recognized: Marcelo Zamorano
2025-11-17 02:14:50 | Recognized: Lucas Zulueta
2025-11-17 02:15:04 | Recognized: Lucas Zulueta
2025-11-17 02:15:14 | Recognized: Lucas Zulueta
2025-11-17 02:15:26 | Recognized: Lucas Zulueta
2025-11-17 02:15:41 | Recognized: Marcelo Zamorano
2025-11-17 02:15:56 | Recognized: Lucas Zulueta
2025-11-17 02:16:04 | Recognized: Lucas Zulueta
2025-11-17 02:16:12 | Recognized: Lucas Zulueta
2025-11-17 02:16:57 | Recognized: Lucas Zulueta
2025-11-17 02:17:05 | Recognized: Lucas Zulueta
2025-11-17 02:17:17 | Recognized: Lucas Zulueta
2025-11-17 02:17:25 | Recognized: Lucas Zulueta
2025-11-17 02:17:32 | Recognized: Lucas Zulueta
2025-11-17 02:17:51 | Recognized: Lucas Zulueta
2025-11-17 02:17:59 | Recognized: Lucas Zulueta
2025-11-17 02:18:06 | Recognized: Lucas Zulueta
2025-11-17 02:18:13 | Recognized: Lucas Zulueta
2025-11-17 02:18:21 | Recognized: Marcelo Zamorano
2025-11-17 02:18:29 | Recognized: Marcelo Zamorano
2025-11-17 02:18:37 | Recognized: Marcelo Zamorano
2025-11-17 02:21:28 | Recognized: Lucas Zulueta
2025-11-17 02:21:35 | Recognized: Marcelo Zamorano
2025-11-17 02:21:43 | Recognized: Marcelo Zamorano
2025-11-17 02:21:52 | Recognized: Lucas Zulueta
2025-11-17 02:22:00 | Recognized: Lucas Zulueta
2025-11-17 02:22:08 | Recognized: Marcelo Zamorano
2025-11-17 02:22:19 | Recognized: Marcelo Zamorano
2025-11-17 02:22:30 | Recognized: Lucas Zulueta
2025-11-17 02:23:42 | Recognized: Lucas Zulueta
2025-11-17 02:23:51 | Recognized: Lucas Zulueta
2025-11-17 02:23:59 | Recognized: Lucas Zulueta
2025-11-17 02:24:07 | System disabled
2025-11-17 02:32:06 | System enabled
2025-11-17 02:32:13 | Recognized: Marcelo Zamorano
2025-11-17 02:32:28 | Recognized: Lucas Zulueta
2025-11-17 02:32:39 | Recognized: Joel Riquelme
2025-11-17 02:33:30 | Recognized: Joel Riquelme
2025-11-17 02:33:38 | Recognized: Raul Alquinta
2025-11-17 02:33:50 | Recognized: Raul Alquinta
2025-11-17 02:34:11 | Recognized: Lucas Zulueta
2025-11-17 23:44:44 | Recognized: Raul Alquinta
2025-11-18 14:06:25 | Recognized: Desconocido
2025-11-18 14:06:59 | Recognized: Desconocido
2025-11-18 14:08:14 | Recognized: Desconocido
2025-11-18 14:08:38 | Recognized: Desconocido
2025-11-18 14:09:42 | Recognized: Desconocido
2025-11-18 14:12:23 | Recognized: Desconocido
2025-11-18 14:13:53 | Recognized: Desconocido
2025-11-18 14:14:49 | Recognized: Desconocido
2025-11-18 14:15:20 | Recognized: Desconocido
2025-11-18 14:16:34 | Recognized: Andres Ordenez
2025-11-18 14:16:38 | Recognized: Diego San Martin
2025-11-18 14:17:32 | Recognized: Andres Ordenez
2025-11-18 14:17:38 | Recognized: Andres Ordenez
2025-11-18 14:17:45 | Recognized: Andres Ordenez
2025-11-18 14:17:59 | Recognized: Diego San Martin
2025-11-18 14:18:05 | Recognized: Diego San Martin
2025-11-18 14:18:12 | Recognized: Diego San Martin
2025-11-18 14:18:18 | Recognized: Desconocido
2025-11-18 14:18:28 | Recognized: Valentin Leonardo
2025-11-18 14:18:34 | Recognized: Vicente Oliva
2025-11-18 14:19:04 | Recognized: Diego San Martin
2025-11-18 14:25:52 | Recognized: Desconocido
2025-11-18 14:26:02 | Recognized: Desconocido
2025-11-18 14:26:06 | Recognized: Diego San Martin
2025-11-18 14:29:07 | Recognized: Diego San Martin
2025-11-18 14:30:43 | Recognized: Diego San Martin
2025-11-18 14:31:00 | Recognized: Diego San Martin
2025-11-18 14:31:12 | Recognized: Desconocido
2025-11-18 14:39:29 | Recognized: Martin Ulloa
2025-11-18 14:39:36 | Recognized: Diego San Martin
2025-11-18 14:40:44 | Recognized: Marcelo Zamorano
2025-11-18 14:41:51 | Recognized: Desconocido
2025-11-18 14:41:58 | Recognized: Diego San Martin
2025-11-18 14:43:41 | Recognized: Martin Ulloa
2025-11-18 14:44:09 | Recognized: Diego San Martin
2025-11-18 14:44:36 | Recognized: Desconocido
2025-11-18 14:44:40 | Recognized: Desconocido
2025-11-18 14:45:23 | Recognized: Desconocido
2025-11-18 14:45:29 | Recognized: Diego San Martin
2025-11-18 14:45:37 | Recognized: Diego San Martin
2025-11-18 14:45:54 | Recognized: Martin Ulloa
2025-11-18 14:46:50 | Recognized: Martin Ulloa
2025-11-18 14:46:59 | Recognized: Desconocido
2025-11-18 14:47:05 | Recognized: Diego San Martin
2025-11-18 14:49:36 | Recognized: Martin Ulloa
2025-11-18 14:53:02 | System disabled
2025-11-18 14:53:20 | System enabled
2025-11-18 14:55:06 | Recognized: Desconocido
2025-11-18 14:55:11 | Recognized: Martin Ulloa
2025-11-18 14:56:04 | Recognized: Raul Alquinta
2025-11-18 14:56:12 | Recognized: Andres Ordenez
2025-11-18 14:56:19 | Recognized: Andres Ordenez
2025-11-18 14:57:25 | Recognized: Desconocido
2025-11-18 14:57:37 | Recognized: Diego San Martin
2025-11-18 14:57:53 | Recognized: Marcelo Zamorano
2025-11-18 14:58:28 | Recognized: Martin Ulloa
2025-11-18 14:58:47 | Recognized: Desconocido
2025-11-18 14:58:59 | Recognized: Desconocido
2025-11-18 15:03:08 | Recognized: Diego San Martin
2025-11-18 15:03:25 | Recognized: Desconocido
2025-11-18 15:05:33 | Recognized: Desconocido
2025-11-18 15:06:47 | Recognized: Martin Ulloa
2025-11-18 15:07:07 | Recognized: Diego San Martin
2025-11-18 15:07:15 | Recognized: Diego San Martin
2025-11-18 15:07:22 | Recognized: Vicente Oliva
2025-11-18 15:07:39 | Recognized: Vicente Oliva
2025-11-18 15:37:22 | New face added: Mikel Arteta
